0 info it worked if it ends with ok
1 verbose cli [ 'node', '/usr/local/bin/npm', 'publish' ]
2 info using npm@2.4.1
3 info using node@v0.10.35
4 verbose node symlink /usr/local/bin/node
5 verbose publish [ '.' ]
6 silly cache add args [ '.', null ]
7 verbose cache add spec .
8 silly cache add parsed spec { raw: '.',
8 silly cache add   scope: null,
8 silly cache add   name: null,
8 silly cache add   rawSpec: '.',
8 silly cache add   spec: '/Users/scottnath/development/gitrepos/generator-atlas',
8 silly cache add   type: 'directory' }
9 verbose addLocalDirectory /Users/scottnath/.npm/generator-atlas/0.0.2/package.tgz not in flight; packing
10 verbose tar pack [ '/Users/scottnath/.npm/generator-atlas/0.0.2/package.tgz',
10 verbose tar pack   '/Users/scottnath/development/gitrepos/generator-atlas' ]
11 verbose tarball /Users/scottnath/.npm/generator-atlas/0.0.2/package.tgz
12 verbose folder /Users/scottnath/development/gitrepos/generator-atlas
13 info prepublish generator-atlas@0.0.2
14 verbose addLocalTarball adding from inside cache /Users/scottnath/.npm/generator-atlas/0.0.2/package.tgz
15 silly cache afterAdd generator-atlas@0.0.2
16 verbose afterAdd /Users/scottnath/.npm/generator-atlas/0.0.2/package/package.json not in flight; writing
17 verbose afterAdd /Users/scottnath/.npm/generator-atlas/0.0.2/package/package.json written
18 silly publish { name: 'generator-atlas',
18 silly publish   version: '0.0.2',
18 silly publish   description: 'Yeoman generator for Atlas development environment',
18 silly publish   license: 'MIT',
18 silly publish   main: 'app/index.js',
18 silly publish   repository:
18 silly publish    { type: 'git',
18 silly publish      url: 'https://github.com/scottnath/generator-atlas' },
18 silly publish   author: { name: 'Scott Nath', url: 'https://github.com/scottnath' },
18 silly publish   engines: { node: '>=0.10.0' },
18 silly publish   scripts: { test: 'mocha' },
18 silly publish   files: [ 'app' ],
18 silly publish   keywords: [ 'yeoman-generator', 'atlas', 'front-end', 'development' ],
18 silly publish   dependencies:
18 silly publish    { 'yeoman-generator': '^0.18.0',
18 silly publish      chalk: '^0.5.0',
18 silly publish      yosay: '^0.3.0' },
18 silly publish   devDependencies: { mocha: '*' },
18 silly publish   peerDependencies: { yo: '>=1.0.0' },
18 silly publish   readme: '# generator-atlas [![Build Status](https://secure.travis-ci.org/scottnath/generator-atlas.png?branch=master)](https://travis-ci.org/scottnath/generator-atlas)\n\n> [Yeoman](http://yeoman.io) generator\n\n## Getting Started\n\nTo install generator-atlas from npm, run:\n\n```bash\nnpm install -g generator-atlas\n```\n\nInitiate the generator:\n\n```bash\nyo atlas\n```\n\n',
18 silly publish   readmeFilename: 'README.md',
18 silly publish   gitHead: '6ddc8b41815343cb405be3aac27d90e9c93da8ee',
18 silly publish   bugs: { url: 'https://github.com/scottnath/generator-atlas/issues' },
18 silly publish   homepage: 'https://github.com/scottnath/generator-atlas',
18 silly publish   _id: 'generator-atlas@0.0.2',
18 silly publish   _shasum: '42f7413bc21016d03978eac16e43e860093d88bd',
18 silly publish   _from: '.' }
19 silly mapToRegistry name generator-atlas
20 silly mapToRegistry using default registry
21 silly mapToRegistry registry https://registry.npmjs.org/
22 silly mapToRegistry uri https://registry.npmjs.org/generator-atlas
23 verbose publish registryBase https://registry.npmjs.org/
24 silly publish uploading /Users/scottnath/.npm/generator-atlas/0.0.2/package.tgz
25 verbose request uri https://registry.npmjs.org/generator-atlas
26 verbose request sending authorization for write operation
27 info attempt registry request try #1 at 13:03:10
28 verbose request id bdd6bd931b82de8b
29 http request PUT https://registry.npmjs.org/generator-atlas
30 http 403 https://registry.npmjs.org/generator-atlas
31 verbose headers { date: 'Mon, 09 Feb 2015 18:03:11 GMT',
31 verbose headers   server: 'CouchDB/1.5.0 (Erlang OTP/R16B03)',
31 verbose headers   'content-type': 'application/json',
31 verbose headers   'cache-control': 'max-age=60',
31 verbose headers   'content-length': '3268',
31 verbose headers   'accept-ranges': 'bytes',
31 verbose headers   via: '1.1 varnish',
31 verbose headers   'x-served-by': 'cache-atl6230-ATL',
31 verbose headers   'x-cache': 'MISS',
31 verbose headers   'x-cache-hits': '0',
31 verbose headers   'x-timer': 'S1423504991.391383,VS0,VE142',
31 verbose headers   'keep-alive': 'timeout=10, max=50',
31 verbose headers   connection: 'Keep-Alive' }
32 verbose request invalidating /Users/scottnath/.npm/registry.npmjs.org/generator-atlas on PUT
33 error publish Failed PUT 403
34 verbose stack Error: forbidden cannot modify pre-existing version: 0.0.2
34 verbose stack old={"name":"generator-atlas","version":"0.0.2","description":"Yeoman generator for Atlas development environment","license":"MIT","main":"app/index.js","repository":{"type":"git","url":"https://github.com/scottnath/generator-atlas"},"author":{"name":"Scott Nath","url":"https://github.com/scottnath"},"engines":{"node":">=0.10.0"},"scripts":{"test":"mocha"},"files":["app"],"keywords":["yeoman-generator","atlas","front-end","development"],"dependencies":{"yeoman-generator":"^0.18.0","chalk":"^0.5.0","yosay":"^0.3.0"},"devDependencies":{"mocha":"*"},"peerDependencies":{"yo":">=1.0.0"},"gitHead":"d7621facedd73a3baff2230fd67e87165fa375ba","bugs":{"url":"https://github.com/scottnath/generator-atlas/issues"},"homepage":"https://github.com/scottnath/generator-atlas","_id":"generator-atlas@0.0.2","_shasum":"42f7413bc21016d03978eac16e43e860093d88bd","_from":".","_npmVersion":"2.4.1","_nodeVersion":"0.10.35","_npmUser":{"name":"scottnath","email":"npmjs@scottnath.com"},"maintainers":[{"name":"scottnath","email":"npmjs@scottnath.com"}],"dist":{"shasum":"42f7413bc21016d03978eac16e43e860093d88bd","tarball":"http://registry.npmjs.org/generator-atlas/-/generator-atlas-0.0.2.tgz"}}
34 verbose stack new={"name":"generator-atlas","version":"0.0.2","description":"Yeoman generator for Atlas development environment","license":"MIT","main":"app/index.js","repository":{"type":"git","url":"https://github.com/scottnath/generator-atlas"},"author":{"name":"Scott Nath","url":"https://github.com/scottnath"},"engines":{"node":">=0.10.0"},"scripts":{"test":"mocha"},"files":["app"],"keywords":["yeoman-generator","atlas","front-end","development"],"dependencies":{"yeoman-generator":"^0.18.0","chalk":"^0.5.0","yosay":"^0.3.0"},"devDependencies":{"mocha":"*"},"peerDependencies":{"yo":">=1.0.0"},"readme":"# generator-atlas [![Build Status](https://secure.travis-ci.org/scottnath/generator-atlas.png?branch=master)](https://travis-ci.org/scottnath/generator-atlas)\u000a\u000a> [Yeoman](http://yeoman.io) generator\u000a\u000a## Getting Started\u000a\u000aTo install generator-atlas from npm, run:\u000a\u000a```bash\u000anpm install -g generator-atlas\u000a```\u000a\u000aInitiate the generator:\u000a\u000a```bash\u000ayo atlas\u000a```\u000a\u000a","readmeFilename":"README.md","gitHead":"6ddc8b41815343cb405be3aac27d90e9c93da8ee","bugs":{"url":"https://github.com/scottnath/generator-atlas/issues"},"homepage":"https://github.com/scottnath/generator-atlas","_id":"generator-atlas@0.0.2","_shasum":"42f7413bc21016d03978eac16e43e860093d88bd","_from":".","_npmVersion":"2.4.1","_nodeVersion":"0.10.35","_npmUser":{"name":"scottnath","email":"npmjs@scottnath.com"},"maintainers":[{"name":"scottnath","email":"npmjs@scottnath.com"}],"dist":{"shasum":"42f7413bc21016d03978eac16e43e860093d88bd","tarball":"http://registry.npmjs.org/generator-atlas/-/generator-atlas-0.0.2.tgz"}}: generator-atlas
34 verbose stack     at CachingRegistryClient.<anonymous> (/usr/local/lib/node_modules/npm/node_modules/npm-registry-client/lib/request.js:254:14)
34 verbose stack     at Request._callback (/usr/local/lib/node_modules/npm/node_modules/npm-registry-client/lib/request.js:178:14)
34 verbose stack     at Request.self.callback (/usr/local/lib/node_modules/npm/node_modules/request/request.js:373:22)
34 verbose stack     at Request.emit (events.js:98:17)
34 verbose stack     at Request.<anonymous> (/usr/local/lib/node_modules/npm/node_modules/request/request.js:1318:14)
34 verbose stack     at Request.emit (events.js:117:20)
34 verbose stack     at IncomingMessage.<anonymous> (/usr/local/lib/node_modules/npm/node_modules/request/request.js:1266:12)
34 verbose stack     at IncomingMessage.emit (events.js:117:20)
34 verbose stack     at _stream_readable.js:944:16
34 verbose stack     at process._tickCallback (node.js:442:13)
35 verbose statusCode 403
36 verbose pkgid generator-atlas
37 verbose cwd /Users/scottnath/development/gitrepos/generator-atlas
38 error Darwin 14.1.0
39 error argv "node" "/usr/local/bin/npm" "publish"
40 error node v0.10.35
41 error npm  v2.4.1
42 error code E403
43 error forbidden cannot modify pre-existing version: 0.0.2
43 error old={"name":"generator-atlas","version":"0.0.2","description":"Yeoman generator for Atlas development environment","license":"MIT","main":"app/index.js","repository":{"type":"git","url":"https://github.com/scottnath/generator-atlas"},"author":{"name":"Scott Nath","url":"https://github.com/scottnath"},"engines":{"node":">=0.10.0"},"scripts":{"test":"mocha"},"files":["app"],"keywords":["yeoman-generator","atlas","front-end","development"],"dependencies":{"yeoman-generator":"^0.18.0","chalk":"^0.5.0","yosay":"^0.3.0"},"devDependencies":{"mocha":"*"},"peerDependencies":{"yo":">=1.0.0"},"gitHead":"d7621facedd73a3baff2230fd67e87165fa375ba","bugs":{"url":"https://github.com/scottnath/generator-atlas/issues"},"homepage":"https://github.com/scottnath/generator-atlas","_id":"generator-atlas@0.0.2","_shasum":"42f7413bc21016d03978eac16e43e860093d88bd","_from":".","_npmVersion":"2.4.1","_nodeVersion":"0.10.35","_npmUser":{"name":"scottnath","email":"npmjs@scottnath.com"},"maintainers":[{"name":"scottnath","email":"npmjs@scottnath.com"}],"dist":{"shasum":"42f7413bc21016d03978eac16e43e860093d88bd","tarball":"http://registry.npmjs.org/generator-atlas/-/generator-atlas-0.0.2.tgz"}}
43 error new={"name":"generator-atlas","version":"0.0.2","description":"Yeoman generator for Atlas development environment","license":"MIT","main":"app/index.js","repository":{"type":"git","url":"https://github.com/scottnath/generator-atlas"},"author":{"name":"Scott Nath","url":"https://github.com/scottnath"},"engines":{"node":">=0.10.0"},"scripts":{"test":"mocha"},"files":["app"],"keywords":["yeoman-generator","atlas","front-end","development"],"dependencies":{"yeoman-generator":"^0.18.0","chalk":"^0.5.0","yosay":"^0.3.0"},"devDependencies":{"mocha":"*"},"peerDependencies":{"yo":">=1.0.0"},"readme":"# generator-atlas [![Build Status](https://secure.travis-ci.org/scottnath/generator-atlas.png?branch=master)](https://travis-ci.org/scottnath/generator-atlas)\u000a\u000a> [Yeoman](http://yeoman.io) generator\u000a\u000a## Getting Started\u000a\u000aTo install generator-atlas from npm, run:\u000a\u000a```bash\u000anpm install -g generator-atlas\u000a```\u000a\u000aInitiate the generator:\u000a\u000a```bash\u000ayo atlas\u000a```\u000a\u000a","readmeFilename":"README.md","gitHead":"6ddc8b41815343cb405be3aac27d90e9c93da8ee","bugs":{"url":"https://github.com/scottnath/generator-atlas/issues"},"homepage":"https://github.com/scottnath/generator-atlas","_id":"generator-atlas@0.0.2","_shasum":"42f7413bc21016d03978eac16e43e860093d88bd","_from":".","_npmVersion":"2.4.1","_nodeVersion":"0.10.35","_npmUser":{"name":"scottnath","email":"npmjs@scottnath.com"},"maintainers":[{"name":"scottnath","email":"npmjs@scottnath.com"}],"dist":{"shasum":"42f7413bc21016d03978eac16e43e860093d88bd","tarball":"http://registry.npmjs.org/generator-atlas/-/generator-atlas-0.0.2.tgz"}}: generator-atlas
44 error If you need help, you may report this error at:
44 error     <http://github.com/npm/npm/issues>
45 verbose exit [ 1, true ]
